<?xml version="1.0" encoding="UTF-8"?>
<!-- Generated by org.testng.reporters.JUnitReportReporter -->
<testsuite hostname="SuhelPC" failures="0" tests="1" name="cucumber.TestNGTestRunner" time="10.349" errors="0" timestamp="2024-08-05T21:47:28 IST" skipped="0">
  <testcase classname="cucumber.TestNGTestRunner" name="runScenario" time="10.349"/>
</testsuite> <!-- cucumber.TestNGTestRunner -->
